logs/manifest-merger-release-report.txt
-- Merging decision tree log ---
provider#androidx.core.content.FileProvider
INJECTED from src\main\AndroidManifest.xml:39:9-47:20
	android:grantUriPermissions
		ADDED from src\main\AndroidManifest.xml:43:13-47
	android:authorities
		INJECTED from src\main\AndroidManifest.xml
		ADDED from src\main\AndroidManifest.xml:41:13-60
	android:exported
		ADDED from src\main\AndroidManifest.xml:42:13-37
	android:name
		ADDED from src\main\AndroidManifest.xml:40:13-62
manifest
ADDED from src\main\AndroidManifest.xml:2:1-60:12
INJECTED from src\main\AndroidManifest.xml:2:1-60:12
INJECTED from src\main\AndroidManifest.xml:2:1-60:12
INJECTED from src\main\AndroidManifest.xml:2:1-60:12
MERGED from [androidx.camera:camera-viewfinder-compose:1.0.0-alpha02] AndroidManifest.xml:2:1-7:12
MERGED from [com.google.accompanist:accompanist-systemuicontroller:0.34.0] AndroidManifest.xml:17:1-23:12
MERGED from [com.google.androidbrowserhelper:androidbrowserhelper:2.5.0] AndroidManifest.xml:17:1-36:12
MERGED from [androidx.media3:media3-ui:1.4.0] AndroidManifest.xml:17:1-22:12
MERGED from [androidx.media3:media3-session:1.4.0] AndroidManifest.xml:17:1-22:12
MERGED from [androidx.media3:media3-extractor:1.4.0] AndroidManifest.xml:17:1-22:12
MERGED from [androidx.media3:media3-container:1.4.0] AndroidManifest.xml:17:1-22:12
MERGED from [androidx.media3:media3-datasource:1.4.0] AndroidManifest.xml:17:1-22:12
MERGED from [androidx.media3:media3-decoder:1.4.0] AndroidManifest.xml:17:1-22:12
MERGED from [androidx.media3:media3-database:1.4.0] AndroidManifest.xml:17:1-22:12
MERGED from [androidx.media3:media3-common:1.4.0] AndroidManifest.xml:17:1-24:12
MERGED from [androidx.media3:media3-exoplayer:1.4.0] AndroidManifest.xml:17:1-24:12
MERGED from [io.insert-koin:koin-androidx-workmanager:3.1.6] AndroidManifest.xml:2:1-9:12
MERGED from [androidx.work:work-runtime-ktx:2.9.0] AndroidManifest.xml:17:1-22:12
MERGED from [androidx.work:work-runtime:2.9.0] AndroidManifest.xml:17:1-145:12
MERGED from [com.google.android.exoplayer:exoplayer:2.19.1] AndroidManifest.xml:17:1-24:12
MERGED from [com.google.android.exoplayer:exoplayer-ui:2.19.1] AndroidManifest.xml:17:1-24:12
MERGED from [androidx.media:media:1.7.0] AndroidManifest.xml:2:1-7:12
MERGED from [androidx.recyclerview:recyclerview:1.3.0] AndroidManifest.xml:17:1-22:12
MERGED from [androidx.browser:browser:1.4.0] AndroidManifest.xml:17:1-24:12
MERGED from [androidx.camera:camera-viewfinder-core:1.4.0-alpha07] AndroidManifest.xml:2:1-7:12
MERGED from [com.google.android.exoplayer:exoplayer-dash:2.19.1] AndroidManifest.xml:17:1-24:12
MERGED from [com.google.android.exoplayer:exoplayer-hls:2.19.1] AndroidManifest.xml:17:1-24:12
MERGED from [com.google.android.exoplayer:exoplayer-rtsp:2.19.1] AndroidManifest.xml:17:1-24:12
MERGED from [com.google.android.exoplayer:exoplayer-smoothstreaming:2.19.1] AndroidManifest.xml:17:1-24:12
MERGED from [com.google.android.exoplayer:exoplayer-core:2.19.1] AndroidManifest.xml:17:1-26:12
MERGED from [io.insert-koin:koin-androidx-navigation:3.1.6] AndroidManifest.xml:2:1-9:12
MERGED from [androidx.navigation:navigation-common:2.8.0-beta06] AndroidManifest.xml:17:1-22:12
MERGED from [androidx.navigation:navigation-fragment:2.8.0-beta06] AndroidManifest.xml:17:1-22:12
MERGED from [androidx.navigation:navigation-runtime:2.8.0-beta06] AndroidManifest.xml:17:1-22:12
MERGED from [androidx.navigation:navigation-common-ktx:2.8.0-beta06] AndroidManifest.xml:2:1-7:12
MERGED from [androidx.navigation:navigation-fragment-ktx:2.8.0-beta06] AndroidManifest.xml:2:1-7:12
MERGED from [androidx.navigation:navigation-runtime-ktx:2.8.0-beta06] AndroidManifest.xml:2:1-7:12
MERGED from [androidx.navigation:navigation-compose:2.8.0-beta06] AndroidManifest.xml:2:1-7:12
MERGED from [com.google.accompanist:accompanist-permissions:0.31.0-alpha] AndroidManifest.xml:17:1-25:12
MERGED from [androidx.compose.material3:material3-android:1.2.1] AndroidManifest.xml:17:1-22:12
MERGED from [androidx.activity:activity-compose:1.9.1] AndroidManifest.xml:2:1-7:12
MERGED from [io.insert-koin:koin-android-compat:3.1.6] AndroidManifest.xml:2:1-9:12
MERGED from [io.insert-koin:koin-androidx-compose:3.2.0] AndroidManifest.xml:2:1-7:12
MERGED from [io.insert-koin:koin-android:3.2.0] AndroidManifest.xml:2:1-9:12
MERGED from [androidx.constraintlayout:constraintlayout-compose:1.0.1] AndroidManifest.xml:17:1-24:12
MERGED from [androidx.compose.material:material-ripple-android:1.6.8] AndroidManifest.xml:2:1-7:12
MERGED from [androidx.compose.material:material-icons-core-android:1.6.8] AndroidManifest.xml:2:1-7:12
MERGED from [androidx.compose.material:material-icons-extended-android:1.6.8] AndroidManifest.xml:2:1-7:12
MERGED from [androidx.compose.material:material-android:1.6.8] AndroidManifest.xml:2:1-7:12
MERGED from [io.coil-kt:coil-compose:2.6.0] AndroidManifest.xml:2:1-7:12
MERGED from [io.coil-kt:coil-compose-base:2.6.0] AndroidManifest.xml:2:1-7:12
MERGED from [androidx.compose.foundation:foundation-android:1.7.0-beta06] AndroidManifest.xml:2:1-7:12
MERGED from [androidx.compose.foundation:foundation-layout-android:1.7.0-beta06] AndroidManifest.xml:2:1-7:12
MERGED from [androidx.compose.animation:animation-core-android:1.7.0-beta06] AndroidManifest.xml:2:1-7:12
MERGED from [androidx.compose.animation:animation-android:1.7.0-beta06] AndroidManifest.xml:2:1-7:12
MERGED from [com.google.accompanist:accompanist-drawablepainter:0.32.0] AndroidManifest.xml:17:1-23:12
MERGED from [io.coil-kt:coil:2.6.0] AndroidManifest.xml:2:1-7:12
MERGED from [io.coil-kt:coil-base:2.6.0] AndroidManifest.xml:2:1-7:12
MERGED from [androidx.lifecycle:lifecycle-extensions:2.2.0] AndroidManifest.xml:17:1-27:12
MERGED from [androidx.appcompat:appcompat-resources:1.6.1] AndroidManifest.xml:17:1-22:12
MERGED from [androidx.appcompat:appcompat:1.6.1] AndroidManifest.xml:17:1-22:12
MERGED from [com.github.bumptech.glide:glide:4.15.1] AndroidManifest.xml:2:1-11:12
MERGED from [com.google.firebase:firebase-crashlytics:19.0.3] AndroidManifest.xml:2:1-24:12
MERGED from [com.google.firebase:firebase-sessions:2.0.3] AndroidManifest.xml:15:1-35:12
MERGED from [com.google.firebase:firebase-installations:18.0.0] AndroidManifest.xml:2:1-24:12
MERGED from [com.google.firebase:firebase-common-ktx:21.0.0] AndroidManifest.xml:2:1-18:12
MERGED from [com.google.firebase:firebase-common:21.0.0] AndroidManifest.xml:15:1-41:12
MERGED from [com.google.firebase:firebase-installations-interop:17.2.0] AndroidManifest.xml:15:1-19:12
MERGED from [androidx.room:room-runtime:2.6.1] AndroidManifest.xml:17:1-31:12
MERGED from [androidx.room:room-ktx:2.6.1] AndroidManifest.xml:17:1-22:12
MERGED from [androidx.compose.runtime:runtime-livedata:1.7.0-beta06] AndroidManifest.xml:2:1-7:12
MERGED from [androidx.compose.ui:ui-geometry-android:1.7.0-beta06] AndroidManifest.xml:2:1-7:12
MERGED from [androidx.compose.ui:ui-tooling-preview-android:1.7.0-beta06] AndroidManifest.xml:17:1-22:12
MERGED from [androidx.compose.ui:ui-util-android:1.7.0-beta06] AndroidManifest.xml:2:1-7:12
MERGED from [androidx.compose.ui:ui-unit-android:1.7.0-beta06] AndroidManifest.xml:2:1-7:12
MERGED from [androidx.compose.ui:ui-graphics-android:1.7.0-beta06] AndroidManifest.xml:2:1-7:12
MERGED from [androidx.compose.ui:ui-text-google-fonts:1.7.0-beta06] AndroidManifest.xml:2:1-7:12
MERGED from [androidx.compose.ui:ui-text-android:1.7.0-beta06] AndroidManifest.xml:2:1-7:12
MERGED from [androidx.compose.runtime:runtime-saveable-android:1.7.0-beta06] AndroidManifest.xml:2:1-7:12
MERGED from [androidx.emoji2:emoji2-views-helper:1.3.0] AndroidManifest.xml:2:1-7:12
MERGED from [androidx.emoji2:emoji2:1.3.0] AndroidManifest.xml:17:1-35:12
MERGED from [androidx.lifecycle:lifecycle-process:2.8.4] AndroidManifest.xml:17:1-35:12
MERGED from [androidx.lifecycle:lifecycle-runtime-compose-android:2.8.4] AndroidManifest.xml:2:1-7:12
MERGED from [androidx.compose.runtime:runtime-android:1.7.0-beta06] AndroidManifest.xml:2:1-7:12
MERGED from [androidx.slidingpanelayout:slidingpanelayout:1.2.0] AndroidManifest.xml:17:1-24:12
MERGED from [androidx.window:window:1.0.0] AndroidManifest.xml:17:1-33:12
MERGED from [androidx.datastore:datastore-android:1.1.1] AndroidManifest.xml:17:1-22:12
MERGED from [androidx.datastore:datastore-preferences:1.1.1] AndroidManifest.xml:2:1-5:12
MERGED from [androidx.datastore:datastore-preferences-android:1.1.1] AndroidManifest.xml:17:1-22:12
MERGED from [androidx.datastore:datastore-core-android:1.1.1] AndroidManifest.xml:2:1-7:12
MERGED from [com.google.android.gms:play-services-tasks:18.1.0] AndroidManifest.xml:2:1-6:12
MERGED from [com.google.firebase:firebase-measurement-connector:20.0.1] AndroidManifest.xml:17:1-25:12
MERGED from [com.google.android.gms:play-services-basement:18.3.0] AndroidManifest.xml:16:1-26:12
MERGED from [androidx.fragment:fragment:1.6.2] AndroidManifest.xml:17:1-22:12
MERGED from [androidx.fragment:fragment-ktx:1.6.2] AndroidManifest.xml:17:1-22:12
MERGED from [androidx.savedstate:savedstate-ktx:1.2.1] AndroidManifest.xml:17:1-22:12
MERGED from [androidx.savedstate:savedstate:1.2.1] AndroidManifest.xml:17:1-22:12
MERGED from [androidx.loader:loader:1.0.0] AndroidManifest.xml:17:1-22:12
MERGED from [androidx.lifecycle:lifecycle-viewmodel:2.8.4] AndroidManifest.xml:2:1-5:12
MERGED from [androidx.lifecycle:lifecycle-viewmodel-android:2.8.4] AndroidManifest.xml:17:1-22:12
MERGED from [androidx.lifecycle:lifecycle-runtime:2.8.4] AndroidManifest.xml:2:1-5:12
MERGED from [androidx.lifecycle:lifecycle-runtime-android:2.8.4] AndroidManifest.xml:17:1-22:12
MERGED from [androidx.lifecycle:lifecycle-livedata-core-ktx:2.8.4] AndroidManifest.xml:2:1-7:12
MERGED from [androidx.lifecycle:lifecycle-viewmodel-savedstate:2.8.4] AndroidManifest.xml:17:1-22:12
MERGED from [androidx.lifecycle:lifecycle-livedata-core:2.8.4] AndroidManifest.xml:17:1-22:12
MERGED from [androidx.lifecycle:lifecycle-viewmodel-ktx:2.8.4] AndroidManifest.xml:2:1-7:12
MERGED from [androidx.lifecycle:lifecycle-service:2.8.4] AndroidManifest.xml:2:1-7:12
MERGED from [androidx.lifecycle:lifecycle-livedata:2.8.4] AndroidManifest.xml:17:1-22:12
MERGED from [androidx.lifecycle:lifecycle-runtime-ktx-android:2.8.4] AndroidManifest.xml:2:1-7:12
MERGED from [androidx.lifecycle:lifecycle-viewmodel-compose-android:2.8.4] AndroidManifest.xml:2:1-7:12
MERGED from [androidx.compose.ui:ui-android:1.7.0-beta06] AndroidManifest.xml:2:1-7:12
MERGED from [androidx.activity:activity-ktx:1.9.1] AndroidManifest.xml:2:1-7:12
MERGED from [androidx.activity:activity:1.9.1] AndroidManifest.xml:17:1-22:12
MERGED from [androidx.vectordrawable:vectordrawable-animated:1.1.0] AndroidManifest.xml:17:1-24:12
MERGED from [androidx.vectordrawable:vectordrawable:1.1.0] AndroidManifest.xml:17:1-24:12
MERGED from [androidx.autofill:autofill:1.0.0] AndroidManifest.xml:17:1-24:12
MERGED from [androidx.drawerlayout:drawerlayout:1.0.0] AndroidManifest.xml:17:1-22:12
MERGED from [androidx.viewpager:viewpager:1.0.0] AndroidManifest.xml:17:1-22:12
MERGED from [androidx.customview:customview:1.1.0] AndroidManifest.xml:17:1-24:12
MERGED from [androidx.transition:transition:1.4.1] AndroidManifest.xml:17:1-24:12
MERGED from [androidx.graphics:graphics-path:1.0.1] AndroidManifest.xml:2:1-7:12
MERGED from [androidx.core:core:1.13.1] AndroidManifest.xml:17:1-30:12
MERGED from [androidx.customview:customview-poolingcontainer:1.0.0] AndroidManifest.xml:17:1-23:12
MERGED from [androidx.core:core-ktx:1.13.1] AndroidManifest.xml:2:1-7:12
MERGED from [androidx.core:core-splashscreen:1.0.1] AndroidManifest.xml:17:1-24:12
MERGED from [androidx.sqlite:sqlite:2.4.0] AndroidManifest.xml:17:1-22:12
MERGED from [androidx.sqlite:sqlite-framework:2.4.0] AndroidManifest.xml:17:1-22:12
MERGED from [io.github.aakira:napier-android:1.4.1] AndroidManifest.xml:2:1-11:12
MERGED from [com.google.firebase:firebase-components:18.0.0] AndroidManifest.xml:15:1-20:12
MERGED from [com.google.firebase:firebase-config-interop:16.0.1] AndroidManifest.xml:15:1-20:12
MERGED from [com.google.firebase:firebase-datatransport:19.0.0] AndroidManifest.xml:15:1-31:12
MERGED from [com.google.android.datatransport:transport-backend-cct:3.3.0] AndroidManifest.xml:15:1-35:12
MERGED from [com.google.firebase:firebase-encoders-json:18.0.1] AndroidManifest.xml:15:1-22:12
MERGED from [com.google.android.datatransport:transport-runtime:3.3.0] AndroidManifest.xml:15:1-39:12
MERGED from [com.google.android.datatransport:transport-api:3.2.0] AndroidManifest.xml:15:1-20:12
MERGED from [com.google.android.exoplayer:exoplayer-datasource:2.19.1] AndroidManifest.xml:17:1-24:12
MERGED from [com.google.android.exoplayer:exoplayer-database:2.19.1] AndroidManifest.xml:17:1-24:12
MERGED from [com.google.android.exoplayer:exoplayer-extractor:2.19.1] AndroidManifest.xml:17:1-24:12
MERGED from [com.google.android.exoplayer:exoplayer-decoder:2.19.1] AndroidManifest.xml:17:1-24:12
MERGED from [com.google.android.exoplayer:exoplayer-container:2.19.1] AndroidManifest.xml:17:1-24:12
MERGED from [com.google.android.exoplayer:exoplayer-common:2.19.1] AndroidManifest.xml:17:1-26:12
MERGED from [com.github.bumptech.glide:gifdecoder:4.15.1] AndroidManifest.xml:2:1-11:12
MERGED from [androidx.profileinstaller:profileinstaller:1.3.1] AndroidManifest.xml:17:1-55:12
MERGED from [androidx.startup:startup-runtime:1.1.1] AndroidManifest.xml:17:1-33:12
MERGED from [androidx.tracing:tracing:1.0.0] AndroidManifest.xml:17:1-24:12
MERGED from [androidx.interpolator:interpolator:1.0.0] AndroidManifest.xml:17:1-22:12
MERGED from [androidx.versionedparcelable:versionedparcelable:1.1.1] AndroidManifest.xml:17:1-27:12
MERGED from [androidx.arch.core:core-runtime:2.2.0] AndroidManifest.xml:17:1-22:12
MERGED from [androidx.exifinterface:exifinterface:1.3.7] AndroidManifest.xml:17:1-24:12
MERGED from [androidx.cursoradapter:cursoradapter:1.0.0] AndroidManifest.xml:17:1-22:12
MERGED from [androidx.annotation:annotation-experimental:1.4.1] AndroidManifest.xml:2:1-7:12
MERGED from [androidx.test.espresso:espresso-idling-resource:3.1.0] AndroidManifest.xml:17:1-24:12
	package
		INJECTED from src\main\AndroidManifest.xml
	android:versionName
		INJECTED from src\main\AndroidManifest.xml
	xmlns:tools
		ADDED from src\main\AndroidManifest.xml:3:5-51
	android:versionCode
		INJECTED from src\main\AndroidManifest.xml
	xmlns:android
		ADDED from src\main\AndroidManifest.xml:2:11-69
uses-feature#android.hardware.camera
ADDED from src\main\AndroidManifest.xml:5:5-7:36
	android:required
		ADDED from src\main\AndroidManifest.xml:7:9-33
	android:name
		ADDED from src\main\AndroidManifest.xml:6:9-47
uses-permission#android.permission.INTERNET
ADDED from src\main\AndroidManifest.xml:9:5-66
MERGED from [com.google.firebase:firebase-crashlytics:19.0.3] AndroidManifest.xml:7:5-67
MERGED from [com.google.firebase:firebase-crashlytics:19.0.3] AndroidManifest.xml:7:5-67
MERGED from [com.google.firebase:firebase-installations:18.0.0] AndroidManifest.xml:8:5-67
MERGED from [com.google.firebase:firebase-installations:18.0.0] AndroidManifest.xml:8:5-67
MERGED from [com.google.android.datatransport:transport-backend-cct:3.3.0] AndroidManifest.xml:23:5-67
MERGED from [com.google.android.datatransport:transport-backend-cct:3.3.0] AndroidManifest.xml:23:5-67
	android:name
		ADDED from src\main\AndroidManifest.xml:9:22-64
uses-permission#android.permission.CAMERA
ADDED from src\main\AndroidManifest.xml:10:5-64
	android:name
		ADDED from src\main\AndroidManifest.xml:10:22-62
uses-permission#android.permission.RECORD_AUDIO
ADDED from src\main\AndroidManifest.xml:11:5-70
	android:name
		ADDED from src\main\AndroidManifest.xml:11:22-68
uses-permission#android.permission.FOREGROUND_SERVICE
ADDED from src\main\AndroidManifest.xml:12:5-77
MERGED from [androidx.work:work-runtime:2.9.0] AndroidManifest.xml:26:5-77
MERGED from [androidx.work:work-runtime:2.9.0] AndroidManifest.xml:26:5-77
	android:name
		ADDED from src\main\AndroidManifest.xml:12:22-74
uses-permission#android.permission.READ_EXTERNAL_STORAGE
ADDED from src\main\AndroidManifest.xml:13:5-14:38
	android:maxSdkVersion
		ADDED from src\main\AndroidManifest.xml:14:9-35
	android:name
		ADDED from src\main\AndroidManifest.xml:13:22-77
uses-permission#android.permission.POST_NOTIFICATIONS
ADDED from src\main\AndroidManifest.xml:15:5-76
	android:name
		ADDED from src\main\AndroidManifest.xml:15:22-74
application
ADDED from src\main\AndroidManifest.xml:19:5-58:19
INJECTED from src\main\AndroidManifest.xml:19:5-58:19
MERGED from [io.insert-koin:koin-androidx-workmanager:3.1.6] AndroidManifest.xml:7:5-20
MERGED from [io.insert-koin:koin-androidx-workmanager:3.1.6] AndroidManifest.xml:7:5-20
MERGED from [androidx.work:work-runtime:2.9.0] AndroidManifest.xml:28:5-143:19
MERGED from [androidx.work:work-runtime:2.9.0] AndroidManifest.xml:28:5-143:19
MERGED from [io.insert-koin:koin-androidx-navigation:3.1.6] AndroidManifest.xml:7:5-20
MERGED from [io.insert-koin:koin-androidx-navigation:3.1.6] AndroidManifest.xml:7:5-20
MERGED from [io.insert-koin:koin-android-compat:3.1.6] AndroidManifest.xml:7:5-20
MERGED from [io.insert-koin:koin-android-compat:3.1.6] AndroidManifest.xml:7:5-20
MERGED from [io.insert-koin:koin-android:3.2.0] AndroidManifest.xml:7:5-20
MERGED from [io.insert-koin:koin-android:3.2.0] AndroidManifest.xml:7:5-20
MERGED from [androidx.lifecycle:lifecycle-extensions:2.2.0] AndroidManifest.xml:24:5-25:19
MERGED from [androidx.lifecycle:lifecycle-extensions:2.2.0] AndroidManifest.xml:24:5-25:19
MERGED from [com.github.bumptech.glide:glide:4.15.1] AndroidManifest.xml:9:5-20
MERGED from [com.github.bumptech.glide:glide:4.15.1] AndroidManifest.xml:9:5-20
MERGED from [com.google.firebase:firebase-crashlytics:19.0.3] AndroidManifest.xml:11:5-22:19
MERGED from [com.google.firebase:firebase-crashlytics:19.0.3] AndroidManifest.xml:11:5-22:19
MERGED from [com.google.firebase:firebase-sessions:2.0.3] AndroidManifest.xml:21:5-33:19
MERGED from [com.google.firebase:firebase-sessions:2.0.3] AndroidManifest.xml:21:5-33:19
MERGED from [com.google.firebase:firebase-installations:18.0.0] AndroidManifest.xml:11:5-22:19
MERGED from [com.google.firebase:firebase-installations:18.0.0] AndroidManifest.xml:11:5-22:19
MERGED from [com.google.firebase:firebase-common-ktx:21.0.0] AndroidManifest.xml:8:5-16:19
MERGED from [com.google.firebase:firebase-common-ktx:21.0.0] AndroidManifest.xml:8:5-16:19
MERGED from [com.google.firebase:firebase-common:21.0.0] AndroidManifest.xml:22:5-39:19
MERGED from [com.google.firebase:firebase-common:21.0.0] AndroidManifest.xml:22:5-39:19
MERGED from [androidx.room:room-runtime:2.6.1] AndroidManifest.xml:23:5-29:19
MERGED from [androidx.room:room-runtime:2.6.1] AndroidManifest.xml:23:5-29:19
MERGED from [androidx.emoji2:emoji2:1.3.0] AndroidManifest.xml:23:5-33:19
MERGED from [androidx.emoji2:emoji2:1.3.0] AndroidManifest.xml:23:5-33:19
MERGED from [androidx.lifecycle:lifecycle-process:2.8.4] AndroidManifest.xml:23:5-33:19
MERGED from [androidx.lifecycle:lifecycle-process:2.8.4] AndroidManifest.xml:23:5-33:19
MERGED from [androidx.window:window:1.0.0] AndroidManifest.xml:24:5-31:19
MERGED from [androidx.window:window:1.0.0] AndroidManifest.xml:24:5-31:19
MERGED from [com.google.android.gms:play-services-tasks:18.1.0] AndroidManifest.xml:5:5-20
MERGED from [com.google.android.gms:play-services-tasks:18.1.0] AndroidManifest.xml:5:5-20
MERGED from [com.google.firebase:firebase-measurement-connector:20.0.1] AndroidManifest.xml:22:5-23:19
MERGED from [com.google.firebase:firebase-measurement-connector:20.0.1] AndroidManifest.xml:22:5-23:19
MERGED from [com.google.android.gms:play-services-basement:18.3.0] AndroidManifest.xml:20:5-24:19
MERGED from [com.google.android.gms:play-services-basement:18.3.0] AndroidManifest.xml:20:5-24:19
MERGED from [androidx.core:core:1.13.1] AndroidManifest.xml:28:5-89
MERGED from [androidx.core:core:1.13.1] AndroidManifest.xml:28:5-89
MERGED from [com.google.firebase:firebase-datatransport:19.0.0] AndroidManifest.xml:21:5-29:19
MERGED from [com.google.firebase:firebase-datatransport:19.0.0] AndroidManifest.xml:21:5-29:19
MERGED from [com.google.android.datatransport:transport-backend-cct:3.3.0] AndroidManifest.xml:25:5-33:19
MERGED from [com.google.android.datatransport:transport-backend-cct:3.3.0] AndroidManifest.xml:25:5-33:19
MERGED from [com.google.android.datatransport:transport-runtime:3.3.0] AndroidManifest.xml:23:5-37:19
MERGED from [com.google.android.datatransport:transport-runtime:3.3.0] AndroidManifest.xml:23:5-37:19
MERGED from [com.github.bumptech.glide:gifdecoder:4.15.1] AndroidManifest.xml:9:5-20
MERGED from [com.github.bumptech.glide:gifdecoder:4.15.1] AndroidManifest.xml:9:5-20
MERGED from [androidx.profileinstaller:profileinstaller:1.3.1] AndroidManifest.xml:23:5-53:19
MERGED from [androidx.profileinstaller:profileinstaller:1.3.1] AndroidManifest.xml:23:5-53:19
MERGED from [androidx.startup:startup-runtime:1.1.1] AndroidManifest.xml:25:5-31:19
MERGED from [androidx.startup:startup-runtime:1.1.1] AndroidManifest.xml:25:5-31:19
MERGED from [androidx.versionedparcelable:versionedparcelable:1.1.1] AndroidManifest.xml:24:5-25:19
MERGED from [androidx.versionedparcelable:versionedparcelable:1.1.1] AndroidManifest.xml:24:5-25:19
	android:extractNativeLibs
		INJECTED from src\main\AndroidManifest.xml
	android:appComponentFactory
		ADDED from [androidx.core:core:1.13.1] AndroidManifest.xml:28:18-86
	android:supportsRtl
		ADDED from src\main\AndroidManifest.xml:27:9-35
	android:label
		ADDED from src\main\AndroidManifest.xml:25:9-41
	android:fullBackupContent
		ADDED from src\main\AndroidManifest.xml:23:9-54
	android:roundIcon
		ADDED from src\main\AndroidManifest.xml:26:9-54
	tools:targetApi
		ADDED from src\main\AndroidManifest.xml:29:9-29
	android:icon
		ADDED from src\main\AndroidManifest.xml:24:9-43
	android:allowBackup
		ADDED from src\main\AndroidManifest.xml:21:9-35
	android:theme
		ADDED from src\main\AndroidManifest.xml:28:9-50
	android:dataExtractionRules
		ADDED from src\main\AndroidManifest.xml:22:9-65
	android:name
		ADDED from src\main\AndroidManifest.xml:20:9-38
service#com.bosch.composewithkotlin20.util.service.mediaPlayer.JetAudioService
ADDED from src\main\AndroidManifest.xml:30:9-38:19
	android:exported
		ADDED from src\main\AndroidManifest.xml:32:13-36
	tools:ignore
		ADDED from src\main\AndroidManifest.xml:34:13-55
	android:foregroundServiceType
		ADDED from src\main\AndroidManifest.xml:33:13-58
	android:name
		ADDED from src\main\AndroidManifest.xml:31:13-69
intent-filter#action:name:androidx.media3.session.MediaSessionService
ADDED from src\main\AndroidManifest.xml:35:13-37:29
action#androidx.media3.session.MediaSessionService
ADDED from src\main\AndroidManifest.xml:36:17-86
	android:name
		ADDED from src\main\AndroidManifest.xml:36:25-83
activity#com.bosch.composewithkotlin20.presentaion.ui.MainActivity
ADDED from src\main\AndroidManifest.xml:48:9-57:20
	android:exported
		ADDED from src\main\AndroidManifest.xml:50:13-36
	android:theme
		ADDED from src\main\AndroidManifest.xml:51:13-54
	android:name
		ADDED from src\main\AndroidManifest.xml:49:13-56
intent-filter#action:name:android.intent.action.MAIN+category:name:android.intent.category.LAUNCHER
ADDED from src\main\AndroidManifest.xml:52:13-56:29
action#android.intent.action.MAIN
ADDED from src\main\AndroidManifest.xml:53:17-69
	android:name
		ADDED from src\main\AndroidManifest.xml:53:25-66
category#android.intent.category.LAUNCHER
ADDED from src\main\AndroidManifest.xml:55:17-77
	android:name
		ADDED from src\main\AndroidManifest.xml:55:27-74
meta-data#android.support.FILE_PROVIDER_PATHS
ADDED from src\main\AndroidManifest.xml:44:13-46:54
	android:resource
		ADDED from src\main\AndroidManifest.xml:46:17-51
	android:name
		ADDED from src\main\AndroidManifest.xml:45:17-67
uses-sdk
INJECTED from src\main\AndroidManifest.xml reason: use-sdk injection requested
INJECTED from src\main\AndroidManifest.xml
INJECTED from src\main\AndroidManifest.xml
MERGED from [androidx.camera:camera-viewfinder-compose:1.0.0-alpha02] AndroidManifest.xml:5:5-44
MERGED from [androidx.camera:camera-viewfinder-compose:1.0.0-alpha02] AndroidManifest.xml:5:5-44
MERGED from [com.google.accompanist:accompanist-systemuicontroller:0.34.0] AndroidManifest.xml:21:5-44
MERGED from [com.google.accompanist:accompanist-systemuicontroller:0.34.0] AndroidManifest.xml:21:5-44
MERGED from [com.google.androidbrowserhelper:androidbrowserhelper:2.5.0] AndroidManifest.xml:22:5-24:41
MERGED from [com.google.androidbrowserhelper:androidbrowserhelper:2.5.0] AndroidManifest.xml:22:5-24:41
MERGED from [androidx.media3:media3-ui:1.4.0] AndroidManifest.xml:20:5-44
MERGED from [androidx.media3:media3-ui:1.4.0] AndroidManifest.xml:20:5-44
MERGED from [androidx.media3:media3-session:1.4.0] AndroidManifest.xml:20:5-44
MERGED from [androidx.media3:media3-session:1.4.0] AndroidManifest.xml:20:5-44
MERGED from [androidx.media3:media3-extractor:1.4.0] AndroidManifest.xml:20:5-44
MERGED from [androidx.media3:media3-extractor:1.4.0] AndroidManifest.xml:20:5-44
MERGED from [androidx.media3:media3-container:1.4.0] AndroidManifest.xml:20:5-44
MERGED from [androidx.media3:media3-container:1.4.0] AndroidManifest.xml:20:5-44
MERGED from [androidx.media3:media3-datasource:1.4.0] AndroidManifest.xml:20:5-44
MERGED from [androidx.media3:media3-datasource:1.4.0] AndroidManifest.xml:20:5-44
MERGED from [androidx.media3:media3-decoder:1.4.0] AndroidManifest.xml:20:5-44
MERGED from [androidx.media3:media3-decoder:1.4.0] AndroidManifest.xml:20:5-44
MERGED from [androidx.media3:media3-database:1.4.0] AndroidManifest.xml:20:5-44
MERGED from [androidx.media3:media3-database:1.4.0] AndroidManifest.xml:20:5-44
MERGED from [androidx.media3:media3-common:1.4.0] AndroidManifest.xml:20:5-44
MERGED from [androidx.media3:media3-common:1.4.0] AndroidManifest.xml:20:5-44
MERGED from [androidx.media3:media3-exoplayer:1.4.0] AndroidManifest.xml:20:5-44
MERGED from [androidx.media3:media3-exoplayer:1.4.0] AndroidManifest.xml:20:5-44
MERGED from [io.insert-koin:koin-androidx-workmanager:3.1.6] AndroidManifest.xml:5:5-44
MERGED from [io.insert-koin:koin-androidx-workmanager:3.1.6] AndroidManifest.xml:5:5-44
MERGED from [androidx.work:work-runtime-ktx:2.9.0] AndroidManifest.xml:20:5-44
MERGED from [androidx.work:work-runtime-ktx:2.9.0] AndroidManifest.xml:20:5-44
MERGED from [androidx.work:work-runtime:2.9.0] AndroidManifest.xml:21:5-44
MERGED from [androidx.work:work-runtime:2.9.0] AndroidManifest.xml:21:5-44
MERGED from [com.google.android.exoplayer:exoplayer:2.19.1] AndroidManifest.xml:20:5-22:41
MERGED from [com.google.android.exoplayer:exoplayer:2.19.1] AndroidManifest.xml:20:5-22:41
MERGED from [com.google.android.exoplayer:exoplayer-ui:2.19.1] AndroidManifest.xml:20:5-22:41
MERGED from [com.google.android.exoplayer:exoplayer-ui:2.19.1] AndroidManifest.xml:20:5-22:41
MERGED from [androidx.media:media:1.7.0] AndroidManifest.xml:5:5-44
MERGED from [androidx.media:media:1.7.0] AndroidManifest.xml:5:5-44
MERGED from [androidx.recyclerview:recyclerview:1.3.0] AndroidManifest.xml:20:5-44
MERGED from [androidx.recyclerview:recyclerview:1.3.0] AndroidManifest.xml:20:5-44
MERGED from [androidx.browser:browser:1.4.0] AndroidManifest.xml:20:5-22:41
MERGED from [androidx.browser:browser:1.4.0] AndroidManifest.xml:20:5-22:41
MERGED from [androidx.camera:camera-viewfinder-core:1.4.0-alpha07] AndroidManifest.xml:5:5-44
MERGED from [androidx.camera:camera-viewfinder-core:1.4.0-alpha07] AndroidManifest.xml:5:5-44
MERGED from [com.google.android.exoplayer:exoplayer-dash:2.19.1] AndroidManifest.xml:20:5-22:41
MERGED from [com.google.android.exoplayer:exoplayer-dash:2.19.1] AndroidManifest.xml:20:5-22:41
MERGED from [com.google.android.exoplayer:exoplayer-hls:2.19.1] AndroidManifest.xml:20:5-22:41
MERGED from [com.google.android.exoplayer:exoplayer-hls:2.19.1] AndroidManifest.xml:20:5-22:41
MERGED from [com.google.android.exoplayer:exoplayer-rtsp:2.19.1] AndroidManifest.xml:20:5-22:41
MERGED from [com.google.android.exoplayer:exoplayer-rtsp:2.19.1] AndroidManifest.xml:20:5-22:41
MERGED from [com.google.android.exoplayer:exoplayer-smoothstreaming:2.19.1] AndroidManifest.xml:20:5-22:41
MERGED from [com.google.android.exoplayer:exoplayer-smoothstreaming:2.19.1] AndroidManifest.xml:20:5-22:41
MERGED from [com.google.android.exoplayer:exoplayer-core:2.19.1] AndroidManifest.xml:20:5-22:41
MERGED from [com.google.android.exoplayer:exoplayer-core:2.19.1] AndroidManifest.xml:20:5-22:41
MERGED from [io.insert-koin:koin-androidx-navigation:3.1.6] AndroidManifest.xml:5:5-44
MERGED from [io.insert-koin:koin-androidx-navigation:3.1.6] AndroidManifest.xml:5:5-44
MERGED from [androidx.navigation:navigation-common:2.8.0-beta06] AndroidManifest.xml:20:5-44
MERGED from [androidx.navigation:navigation-common:2.8.0-beta06] AndroidManifest.xml:20:5-44
MERGED from [androidx.navigation:navigation-fragment:2.8.0-beta06] AndroidManifest.xml:20:5-44
MERGED from [androidx.navigation:navigation-fragment:2.8.0-beta06] AndroidManifest.xml:20:5-44
MERGED from [androidx.navigation:navigation-runtime:2.8.0-beta06] AndroidManifest.xml:20:5-44
MERGED from [androidx.navigation:navigation-runtime:2.8.0-beta06] AndroidManifest.xml:20:5-44
MERGED from [androidx.navigation:navigation-common-ktx:2.8.0-beta06] AndroidManifest.xml:5:5-44
MERGED from [androidx.navigation:navigation-common-ktx:2.8.0-beta06] AndroidManifest.xml:5:5-44
MERGED from [androidx.navigation:navigation-fragment-ktx:2.8.0-beta06] AndroidManifest.xml:5:5-44
MERGED from [androidx.navigation:navigation-fragment-ktx:2.8.0-beta06] AndroidManifest.xml:5:5-44
MERGED from [androidx.navigation:navigation-runtime-ktx:2.8.0-beta06] AndroidManifest.xml:5:5-44
MERGED from [androidx.navigation:navigation-runtime-ktx:2.8.0-beta06] AndroidManifest.xml:5:5-44
MERGED from [androidx.navigation:navigation-compose:2.8.0-beta06] AndroidManifest.xml:5:5-44